2024-02-22 09:00:45 error: uncaughtException: app.use() requires a middleware function
TypeError: app.use() requires a middleware function
    at Function.use (G:\Programming\projects\FullStack\MERN Blog\server\node_modules\express\lib\application.js:217:11)
    at initializeMiddlewares (G:\Programming\projects\FullStack\MERN Blog\server\src\middlewarers\initializeMiddlewares.js:28:7)
    at Object.<anonymous> (G:\Programming\projects\FullStack\MERN Blog\server\src\app.js:17:1)
    at Module._compile (node:internal/modules/cjs/loader:1376:14)
    at Module._extensions..js (node:internal/modules/cjs/loader:1435:10)
    at Module.load (node:internal/modules/cjs/loader:1207:32)
    at Module._load (node:internal/modules/cjs/loader:1023:12)
    at Module.require (node:internal/modules/cjs/loader:1235:19)
    at require (node:internal/modules/helpers:176:18)
    at Object.<anonymous> (G:\Programming\projects\FullStack\MERN Blog\server\src\server.js:1:13)
2024-02-22 09:00:45 error: uncaughtException: next is not a function
TypeError: next is not a function
    at G:\Programming\projects\FullStack\MERN Blog\server\node_modules\express-rate-limit\dist\index.cjs:613:5
    at process.processTicksAndRejections (node:internal/process/task_queues:95:5)
2024-02-22 09:03:33 error: uncaughtException: Cannot find module '../config/rate-limit.config'
Require stack:
- G:\Programming\projects\FullStack\MERN Blog\server\src\middlewarers\initializeMiddlewares.js
- G:\Programming\projects\FullStack\MERN Blog\server\src\app.js
- G:\Programming\projects\FullStack\MERN Blog\server\src\server.js
Error: Cannot find module '../config/rate-limit.config'
Require stack:
- G:\Programming\projects\FullStack\MERN Blog\server\src\middlewarers\initializeMiddlewares.js
- G:\Programming\projects\FullStack\MERN Blog\server\src\app.js
- G:\Programming\projects\FullStack\MERN Blog\server\src\server.js
    at Module._resolveFilename (node:internal/modules/cjs/loader:1144:15)
    at Module._load (node:internal/modules/cjs/loader:985:27)
    at Module.require (node:internal/modules/cjs/loader:1235:19)
    at require (node:internal/modules/helpers:176:18)
    at Object.<anonymous> (G:\Programming\projects\FullStack\MERN Blog\server\src\middlewarers\initializeMiddlewares.js:8:27)
    at Module._compile (node:internal/modules/cjs/loader:1376:14)
    at Module._extensions..js (node:internal/modules/cjs/loader:1435:10)
    at Module.load (node:internal/modules/cjs/loader:1207:32)
    at Module._load (node:internal/modules/cjs/loader:1023:12)
    at Module.require (node:internal/modules/cjs/loader:1235:19)
2024-02-22 09:04:10 error: uncaughtException: Cannot find module '../config/rate-limit.config'
Require stack:
- G:\Programming\projects\FullStack\MERN Blog\server\src\middlewarers\initializeMiddlewares.js
- G:\Programming\projects\FullStack\MERN Blog\server\src\app.js
- G:\Programming\projects\FullStack\MERN Blog\server\src\server.js
Error: Cannot find module '../config/rate-limit.config'
Require stack:
- G:\Programming\projects\FullStack\MERN Blog\server\src\middlewarers\initializeMiddlewares.js
- G:\Programming\projects\FullStack\MERN Blog\server\src\app.js
- G:\Programming\projects\FullStack\MERN Blog\server\src\server.js
    at Module._resolveFilename (node:internal/modules/cjs/loader:1144:15)
    at Module._load (node:internal/modules/cjs/loader:985:27)
    at Module.require (node:internal/modules/cjs/loader:1235:19)
    at require (node:internal/modules/helpers:176:18)
    at Object.<anonymous> (G:\Programming\projects\FullStack\MERN Blog\server\src\middlewarers\initializeMiddlewares.js:8:27)
    at Module._compile (node:internal/modules/cjs/loader:1376:14)
    at Module._extensions..js (node:internal/modules/cjs/loader:1435:10)
    at Module.load (node:internal/modules/cjs/loader:1207:32)
    at Module._load (node:internal/modules/cjs/loader:1023:12)
    at Module.require (node:internal/modules/cjs/loader:1235:19)
2024-02-22 09:37:29 error: uncaughtException: sendOTPValidator is not defined
ReferenceError: sendOTPValidator is not defined
    at Object.<anonymous> (G:\Programming\projects\FullStack\MERN Blog\server\src\validations\authValidation.js:9:3)
    at Module._compile (node:internal/modules/cjs/loader:1376:14)
    at Module._extensions..js (node:internal/modules/cjs/loader:1435:10)
    at Module.load (node:internal/modules/cjs/loader:1207:32)
    at Module._load (node:internal/modules/cjs/loader:1023:12)
    at Module.require (node:internal/modules/cjs/loader:1235:19)
    at require (node:internal/modules/helpers:176:18)
    at Object.<anonymous> (G:\Programming\projects\FullStack\MERN Blog\server\src\routes\auth.js:4:30)
    at Module._compile (node:internal/modules/cjs/loader:1376:14)
    at Module._extensions..js (node:internal/modules/cjs/loader:1435:10)
2024-02-22 09:38:33 error: uncaughtException: sendOTPValidator is not defined
ReferenceError: sendOTPValidator is not defined
    at Object.<anonymous> (G:\Programming\projects\FullStack\MERN Blog\server\src\validations\authValidation.js:9:3)
    at Module._compile (node:internal/modules/cjs/loader:1376:14)
    at Module._extensions..js (node:internal/modules/cjs/loader:1435:10)
    at Module.load (node:internal/modules/cjs/loader:1207:32)
    at Module._load (node:internal/modules/cjs/loader:1023:12)
    at Module.require (node:internal/modules/cjs/loader:1235:19)
    at require (node:internal/modules/helpers:176:18)
    at Object.<anonymous> (G:\Programming\projects\FullStack\MERN Blog\server\src\routes\auth.js:4:30)
    at Module._compile (node:internal/modules/cjs/loader:1376:14)
    at Module._extensions..js (node:internal/modules/cjs/loader:1435:10)
2024-02-22 09:39:06 error: uncaughtException: sendOTPValidator is not defined
ReferenceError: sendOTPValidator is not defined
    at Object.<anonymous> (G:\Programming\projects\FullStack\MERN Blog\server\src\validations\authValidation.js:9:3)
    at Module._compile (node:internal/modules/cjs/loader:1376:14)
    at Module._extensions..js (node:internal/modules/cjs/loader:1435:10)
    at Module.load (node:internal/modules/cjs/loader:1207:32)
    at Module._load (node:internal/modules/cjs/loader:1023:12)
    at Module.require (node:internal/modules/cjs/loader:1235:19)
    at require (node:internal/modules/helpers:176:18)
    at Object.<anonymous> (G:\Programming\projects\FullStack\MERN Blog\server\src\routes\auth.js:4:30)
    at Module._compile (node:internal/modules/cjs/loader:1376:14)
    at Module._extensions..js (node:internal/modules/cjs/loader:1435:10)
2024-02-22 09:39:13 error: uncaughtException: Cannot use import statement outside a module
G:\Programming\projects\FullStack\MERN Blog\server\src\service\AuthService.js:1
import { validationResult } from "express-validator";
^^^^^^

SyntaxError: Cannot use import statement outside a module
    at internalCompileFunction (node:internal/vm:77:18)
    at wrapSafe (node:internal/modules/cjs/loader:1288:20)
    at Module._compile (node:internal/modules/cjs/loader:1340:27)
    at Module._extensions..js (node:internal/modules/cjs/loader:1435:10)
    at Module.load (node:internal/modules/cjs/loader:1207:32)
    at Module._load (node:internal/modules/cjs/loader:1023:12)
    at Module.require (node:internal/modules/cjs/loader:1235:19)
    at require (node:internal/modules/helpers:176:18)
    at Object.<anonymous> (G:\Programming\projects\FullStack\MERN Blog\server\src\controllers\auth.js:3:21)
    at Module._compile (node:internal/modules/cjs/loader:1376:14)
2024-02-22 09:39:32 error: uncaughtException: Cannot use import statement outside a module
G:\Programming\projects\FullStack\MERN Blog\server\src\service\AuthService.js:1
import { validationResult } from "express-validator";
^^^^^^

SyntaxError: Cannot use import statement outside a module
    at internalCompileFunction (node:internal/vm:77:18)
    at wrapSafe (node:internal/modules/cjs/loader:1288:20)
    at Module._compile (node:internal/modules/cjs/loader:1340:27)
    at Module._extensions..js (node:internal/modules/cjs/loader:1435:10)
    at Module.load (node:internal/modules/cjs/loader:1207:32)
    at Module._load (node:internal/modules/cjs/loader:1023:12)
    at Module.require (node:internal/modules/cjs/loader:1235:19)
    at require (node:internal/modules/helpers:176:18)
    at Object.<anonymous> (G:\Programming\projects\FullStack\MERN Blog\server\src\controllers\auth.js:3:21)
    at Module._compile (node:internal/modules/cjs/loader:1376:14)
2024-02-22 09:39:47 error: uncaughtException: Cannot use import statement outside a module
G:\Programming\projects\FullStack\MERN Blog\server\src\service\AuthService.js:1
import { validationResult } from "express-validator";
^^^^^^

SyntaxError: Cannot use import statement outside a module
    at internalCompileFunction (node:internal/vm:77:18)
    at wrapSafe (node:internal/modules/cjs/loader:1288:20)
    at Module._compile (node:internal/modules/cjs/loader:1340:27)
    at Module._extensions..js (node:internal/modules/cjs/loader:1435:10)
    at Module.load (node:internal/modules/cjs/loader:1207:32)
    at Module._load (node:internal/modules/cjs/loader:1023:12)
    at Module.require (node:internal/modules/cjs/loader:1235:19)
    at require (node:internal/modules/helpers:176:18)
    at Object.<anonymous> (G:\Programming\projects\FullStack\MERN Blog\server\src\controllers\auth.js:3:21)
    at Module._compile (node:internal/modules/cjs/loader:1376:14)
2024-02-22 09:40:36 error: uncaughtException: Cannot use import statement outside a module
G:\Programming\projects\FullStack\MERN Blog\server\src\service\AuthService.js:1
import { validationResult } from "express-validator";
^^^^^^

SyntaxError: Cannot use import statement outside a module
    at internalCompileFunction (node:internal/vm:77:18)
    at wrapSafe (node:internal/modules/cjs/loader:1288:20)
    at Module._compile (node:internal/modules/cjs/loader:1340:27)
    at Module._extensions..js (node:internal/modules/cjs/loader:1435:10)
    at Module.load (node:internal/modules/cjs/loader:1207:32)
    at Module._load (node:internal/modules/cjs/loader:1023:12)
    at Module.require (node:internal/modules/cjs/loader:1235:19)
    at require (node:internal/modules/helpers:176:18)
    at Object.<anonymous> (G:\Programming\projects\FullStack\MERN Blog\server\src\controllers\auth.js:3:21)
    at Module._compile (node:internal/modules/cjs/loader:1376:14)
2024-02-22 09:40:39 error: uncaughtException: Cannot use import statement outside a module
G:\Programming\projects\FullStack\MERN Blog\server\src\service\AuthService.js:1
import { validationResult } from "express-validator";
^^^^^^

SyntaxError: Cannot use import statement outside a module
    at internalCompileFunction (node:internal/vm:77:18)
    at wrapSafe (node:internal/modules/cjs/loader:1288:20)
    at Module._compile (node:internal/modules/cjs/loader:1340:27)
    at Module._extensions..js (node:internal/modules/cjs/loader:1435:10)
    at Module.load (node:internal/modules/cjs/loader:1207:32)
    at Module._load (node:internal/modules/cjs/loader:1023:12)
    at Module.require (node:internal/modules/cjs/loader:1235:19)
    at require (node:internal/modules/helpers:176:18)
    at Object.<anonymous> (G:\Programming\projects\FullStack\MERN Blog\server\src\controllers\auth.js:3:21)
    at Module._compile (node:internal/modules/cjs/loader:1376:14)
2024-02-22 09:40:47 error: uncaughtException: Cannot use import statement outside a module
G:\Programming\projects\FullStack\MERN Blog\server\src\service\AuthService.js:1
import { validationResult } from "express-validator";
^^^^^^

SyntaxError: Cannot use import statement outside a module
    at internalCompileFunction (node:internal/vm:77:18)
    at wrapSafe (node:internal/modules/cjs/loader:1288:20)
    at Module._compile (node:internal/modules/cjs/loader:1340:27)
    at Module._extensions..js (node:internal/modules/cjs/loader:1435:10)
    at Module.load (node:internal/modules/cjs/loader:1207:32)
    at Module._load (node:internal/modules/cjs/loader:1023:12)
    at Module.require (node:internal/modules/cjs/loader:1235:19)
    at require (node:internal/modules/helpers:176:18)
    at Object.<anonymous> (G:\Programming\projects\FullStack\MERN Blog\server\src\controllers\auth.js:3:21)
    at Module._compile (node:internal/modules/cjs/loader:1376:14)
2024-02-22 09:41:00 error: uncaughtException: Cannot use import statement outside a module
G:\Programming\projects\FullStack\MERN Blog\server\src\service\AuthService.js:1
import { validationResult } from "express-validator";
^^^^^^

SyntaxError: Cannot use import statement outside a module
    at internalCompileFunction (node:internal/vm:77:18)
    at wrapSafe (node:internal/modules/cjs/loader:1288:20)
    at Module._compile (node:internal/modules/cjs/loader:1340:27)
    at Module._extensions..js (node:internal/modules/cjs/loader:1435:10)
    at Module.load (node:internal/modules/cjs/loader:1207:32)
    at Module._load (node:internal/modules/cjs/loader:1023:12)
    at Module.require (node:internal/modules/cjs/loader:1235:19)
    at require (node:internal/modules/helpers:176:18)
    at Object.<anonymous> (G:\Programming\projects\FullStack\MERN Blog\server\src\controllers\auth.js:3:21)
    at Module._compile (node:internal/modules/cjs/loader:1376:14)
2024-02-22 10:02:43 error: uncaughtException: Cannot use import statement outside a module
G:\Programming\projects\FullStack\MERN Blog\server\src\service\AuthService.js:1
import { validationResult } from "express-validator";
^^^^^^

SyntaxError: Cannot use import statement outside a module
    at internalCompileFunction (node:internal/vm:77:18)
    at wrapSafe (node:internal/modules/cjs/loader:1288:20)
    at Module._compile (node:internal/modules/cjs/loader:1340:27)
    at Module._extensions..js (node:internal/modules/cjs/loader:1435:10)
    at Module.load (node:internal/modules/cjs/loader:1207:32)
    at Module._load (node:internal/modules/cjs/loader:1023:12)
    at Module.require (node:internal/modules/cjs/loader:1235:19)
    at require (node:internal/modules/helpers:176:18)
    at Object.<anonymous> (G:\Programming\projects\FullStack\MERN Blog\server\src\controllers\auth.js:3:21)
    at Module._compile (node:internal/modules/cjs/loader:1376:14)
2024-02-22 10:02:49 error: uncaughtException: Cannot use import statement outside a module
G:\Programming\projects\FullStack\MERN Blog\server\src\service\AuthService.js:1
import { validationResult } from "express-validator";
^^^^^^

SyntaxError: Cannot use import statement outside a module
    at internalCompileFunction (node:internal/vm:77:18)
    at wrapSafe (node:internal/modules/cjs/loader:1288:20)
    at Module._compile (node:internal/modules/cjs/loader:1340:27)
    at Module._extensions..js (node:internal/modules/cjs/loader:1435:10)
    at Module.load (node:internal/modules/cjs/loader:1207:32)
    at Module._load (node:internal/modules/cjs/loader:1023:12)
    at Module.require (node:internal/modules/cjs/loader:1235:19)
    at require (node:internal/modules/helpers:176:18)
    at Object.<anonymous> (G:\Programming\projects\FullStack\MERN Blog\server\src\controllers\auth.js:3:21)
    at Module._compile (node:internal/modules/cjs/loader:1376:14)
2024-02-22 10:02:52 error: uncaughtException: Cannot use import statement outside a module
G:\Programming\projects\FullStack\MERN Blog\server\src\service\AuthService.js:1
import { validationResult } from "express-validator";
^^^^^^

SyntaxError: Cannot use import statement outside a module
    at internalCompileFunction (node:internal/vm:77:18)
    at wrapSafe (node:internal/modules/cjs/loader:1288:20)
    at Module._compile (node:internal/modules/cjs/loader:1340:27)
    at Module._extensions..js (node:internal/modules/cjs/loader:1435:10)
    at Module.load (node:internal/modules/cjs/loader:1207:32)
    at Module._load (node:internal/modules/cjs/loader:1023:12)
    at Module.require (node:internal/modules/cjs/loader:1235:19)
    at require (node:internal/modules/helpers:176:18)
    at Object.<anonymous> (G:\Programming\projects\FullStack\MERN Blog\server\src\controllers\auth.js:3:21)
    at Module._compile (node:internal/modules/cjs/loader:1376:14)
