2024-02-23 08:34:22 error: uncaughtException: Cannot use import statement outside a module
G:\Programming\projects\FullStack\MERN Blog\server\src\service\AuthService.js:1
import { validationResult } from "express-validator";
^^^^^^

SyntaxError: Cannot use import statement outside a module
    at internalCompileFunction (node:internal/vm:77:18)
    at wrapSafe (node:internal/modules/cjs/loader:1288:20)
    at Module._compile (node:internal/modules/cjs/loader:1340:27)
    at Module._extensions..js (node:internal/modules/cjs/loader:1435:10)
    at Module.load (node:internal/modules/cjs/loader:1207:32)
    at Module._load (node:internal/modules/cjs/loader:1023:12)
    at Module.require (node:internal/modules/cjs/loader:1235:19)
    at require (node:internal/modules/helpers:176:18)
    at Object.<anonymous> (G:\Programming\projects\FullStack\MERN Blog\server\src\controllers\auth.js:3:21)
    at Module._compile (node:internal/modules/cjs/loader:1376:14)
2024-02-23 08:35:07 error: uncaughtException: Cannot use import statement outside a module
G:\Programming\projects\FullStack\MERN Blog\server\src\service\AuthService.js:1
import { validationResult } from "express-validator";
^^^^^^

SyntaxError: Cannot use import statement outside a module
    at internalCompileFunction (node:internal/vm:77:18)
    at wrapSafe (node:internal/modules/cjs/loader:1288:20)
    at Module._compile (node:internal/modules/cjs/loader:1340:27)
    at Module._extensions..js (node:internal/modules/cjs/loader:1435:10)
    at Module.load (node:internal/modules/cjs/loader:1207:32)
    at Module._load (node:internal/modules/cjs/loader:1023:12)
    at Module.require (node:internal/modules/cjs/loader:1235:19)
    at require (node:internal/modules/helpers:176:18)
    at Object.<anonymous> (G:\Programming\projects\FullStack\MERN Blog\server\src\controllers\auth.js:3:21)
    at Module._compile (node:internal/modules/cjs/loader:1376:14)
2024-02-23 08:37:06 error: uncaughtException: Cannot use import statement outside a module
G:\Programming\projects\FullStack\MERN Blog\server\src\service\AuthService.js:1
import { validationResult } from "express-validator";
^^^^^^

SyntaxError: Cannot use import statement outside a module
    at internalCompileFunction (node:internal/vm:77:18)
    at wrapSafe (node:internal/modules/cjs/loader:1288:20)
    at Module._compile (node:internal/modules/cjs/loader:1340:27)
    at Module._extensions..js (node:internal/modules/cjs/loader:1435:10)
    at Module.load (node:internal/modules/cjs/loader:1207:32)
    at Module._load (node:internal/modules/cjs/loader:1023:12)
    at Module.require (node:internal/modules/cjs/loader:1235:19)
    at require (node:internal/modules/helpers:176:18)
    at Object.<anonymous> (G:\Programming\projects\FullStack\MERN Blog\server\src\controllers\auth.js:3:21)
    at Module._compile (node:internal/modules/cjs/loader:1376:14)
2024-02-23 08:37:16 error: uncaughtException: Cannot use import statement outside a module
G:\Programming\projects\FullStack\MERN Blog\server\src\service\AuthService.js:1
import { validationResult } from "express-validator";
^^^^^^

SyntaxError: Cannot use import statement outside a module
    at internalCompileFunction (node:internal/vm:77:18)
    at wrapSafe (node:internal/modules/cjs/loader:1288:20)
    at Module._compile (node:internal/modules/cjs/loader:1340:27)
    at Module._extensions..js (node:internal/modules/cjs/loader:1435:10)
    at Module.load (node:internal/modules/cjs/loader:1207:32)
    at Module._load (node:internal/modules/cjs/loader:1023:12)
    at Module.require (node:internal/modules/cjs/loader:1235:19)
    at require (node:internal/modules/helpers:176:18)
    at Object.<anonymous> (G:\Programming\projects\FullStack\MERN Blog\server\src\controllers\auth.js:3:21)
    at Module._compile (node:internal/modules/cjs/loader:1376:14)
2024-02-23 08:52:42 error: Error: Internal Server Error,    at serverError (G:\Programming\projects\FullStack\MERN Blog\server\src\utils\error.js:26:17),    at EmailService.sendEmail (G:\Programming\projects\FullStack\MERN Blog\server\src\service\EmailService.js:19:13),    at process.processTicksAndRejections (node:internal/process/task_queues:95:5),    at async AuthService.sendOtp (G:\Programming\projects\FullStack\MERN Blog\server\src\service\AuthService.js:22:5),    at async G:\Programming\projects\FullStack\MERN Blog\server\src\controllers\auth.js:14:18
2024-02-23 10:06:35 error: uncaughtException: Unexpected token 'throw'
G:\Programming\projects\FullStack\MERN Blog\server\src\controllers\auth.js:16
    return throw badRequest({errors: })
           ^^^^^

SyntaxError: Unexpected token 'throw'
    at internalCompileFunction (node:internal/vm:77:18)
    at wrapSafe (node:internal/modules/cjs/loader:1288:20)
    at Module._compile (node:internal/modules/cjs/loader:1340:27)
    at Module._extensions..js (node:internal/modules/cjs/loader:1435:10)
    at Module.load (node:internal/modules/cjs/loader:1207:32)
    at Module._load (node:internal/modules/cjs/loader:1023:12)
    at Module.require (node:internal/modules/cjs/loader:1235:19)
    at require (node:internal/modules/helpers:176:18)
    at Object.<anonymous> (G:\Programming\projects\FullStack\MERN Blog\server\src\routes\auth.js:3:24)
    at Module._compile (node:internal/modules/cjs/loader:1376:14)
2024-02-23 10:06:45 error: uncaughtException: Unexpected token 'throw'
G:\Programming\projects\FullStack\MERN Blog\server\src\controllers\auth.js:16
    return throw badRequest({errors: })
           ^^^^^

SyntaxError: Unexpected token 'throw'
    at internalCompileFunction (node:internal/vm:77:18)
    at wrapSafe (node:internal/modules/cjs/loader:1288:20)
    at Module._compile (node:internal/modules/cjs/loader:1340:27)
    at Module._extensions..js (node:internal/modules/cjs/loader:1435:10)
    at Module.load (node:internal/modules/cjs/loader:1207:32)
    at Module._load (node:internal/modules/cjs/loader:1023:12)
    at Module.require (node:internal/modules/cjs/loader:1235:19)
    at require (node:internal/modules/helpers:176:18)
    at Object.<anonymous> (G:\Programming\projects\FullStack\MERN Blog\server\src\routes\auth.js:3:24)
    at Module._compile (node:internal/modules/cjs/loader:1376:14)
2024-02-23 10:09:27 error: uncaughtException: Unexpected token 'throw'
G:\Programming\projects\FullStack\MERN Blog\server\src\controllers\auth.js:16
    return throw badRequest(errors.array());
           ^^^^^

SyntaxError: Unexpected token 'throw'
    at internalCompileFunction (node:internal/vm:77:18)
    at wrapSafe (node:internal/modules/cjs/loader:1288:20)
    at Module._compile (node:internal/modules/cjs/loader:1340:27)
    at Module._extensions..js (node:internal/modules/cjs/loader:1435:10)
    at Module.load (node:internal/modules/cjs/loader:1207:32)
    at Module._load (node:internal/modules/cjs/loader:1023:12)
    at Module.require (node:internal/modules/cjs/loader:1235:19)
    at require (node:internal/modules/helpers:176:18)
    at Object.<anonymous> (G:\Programming\projects\FullStack\MERN Blog\server\src\routes\auth.js:3:24)
    at Module._compile (node:internal/modules/cjs/loader:1376:14)
2024-02-23 10:10:04 error: TypeError: errors.isEmpty is not a function,    at G:\Programming\projects\FullStack\MERN Blog\server\src\controllers\auth.js:15:15,    at G:\Programming\projects\FullStack\MERN Blog\server\src\middlewarers\catchAsyncErrors.js:7:19,    at Layer.handle [as handle_request] (G:\Programming\projects\FullStack\MERN Blog\server\node_modules\express\lib\router\layer.js:95:5),    at next (G:\Programming\projects\FullStack\MERN Blog\server\node_modules\express\lib\router\route.js:144:13),    at middleware (G:\Programming\projects\FullStack\MERN Blog\server\node_modules\express-validator\src\middlewares\check.js:16:13),    at process.processTicksAndRejections (node:internal/process/task_queues:95:5)
2024-02-23 10:10:40 error: TypeError: errors.array is not a function,    at G:\Programming\projects\FullStack\MERN Blog\server\src\controllers\auth.js:16:30,    at G:\Programming\projects\FullStack\MERN Blog\server\src\middlewarers\catchAsyncErrors.js:7:19,    at Layer.handle [as handle_request] (G:\Programming\projects\FullStack\MERN Blog\server\node_modules\express\lib\router\layer.js:95:5),    at next (G:\Programming\projects\FullStack\MERN Blog\server\node_modules\express\lib\router\route.js:144:13),    at middleware (G:\Programming\projects\FullStack\MERN Blog\server\node_modules\express-validator\src\middlewares\check.js:16:13),    at process.processTicksAndRejections (node:internal/process/task_queues:95:5)
2024-02-23 10:11:34 error: Error: Bad Request,    at badRequest (G:\Programming\projects\FullStack\MERN Blog\server\src\utils\error.js:2:17),    at G:\Programming\projects\FullStack\MERN Blog\server\src\controllers\auth.js:16:11,    at G:\Programming\projects\FullStack\MERN Blog\server\src\middlewarers\catchAsyncErrors.js:7:19,    at Layer.handle [as handle_request] (G:\Programming\projects\FullStack\MERN Blog\server\node_modules\express\lib\router\layer.js:95:5),    at next (G:\Programming\projects\FullStack\MERN Blog\server\node_modules\express\lib\router\route.js:144:13),    at middleware (G:\Programming\projects\FullStack\MERN Blog\server\node_modules\express-validator\src\middlewares\check.js:16:13),    at process.processTicksAndRejections (node:internal/process/task_queues:95:5)
2024-02-23 10:12:14 error: Error: Bad Request,    at badRequest (G:\Programming\projects\FullStack\MERN Blog\server\src\utils\error.js:2:17),    at G:\Programming\projects\FullStack\MERN Blog\server\src\controllers\auth.js:17:11,    at G:\Programming\projects\FullStack\MERN Blog\server\src\middlewarers\catchAsyncErrors.js:7:19,    at Layer.handle [as handle_request] (G:\Programming\projects\FullStack\MERN Blog\server\node_modules\express\lib\router\layer.js:95:5),    at next (G:\Programming\projects\FullStack\MERN Blog\server\node_modules\express\lib\router\route.js:144:13),    at middleware (G:\Programming\projects\FullStack\MERN Blog\server\node_modules\express-validator\src\middlewares\check.js:16:13),    at process.processTicksAndRejections (node:internal/process/task_queues:95:5)
2024-02-23 10:12:59 error: uncaughtException: Unexpected token ')'
G:\Programming\projects\FullStack\MERN Blog\server\src\controllers\auth.js:17
    throw badRequest(errors.);
                            ^

SyntaxError: Unexpected token ')'
    at internalCompileFunction (node:internal/vm:77:18)
    at wrapSafe (node:internal/modules/cjs/loader:1288:20)
    at Module._compile (node:internal/modules/cjs/loader:1340:27)
    at Module._extensions..js (node:internal/modules/cjs/loader:1435:10)
    at Module.load (node:internal/modules/cjs/loader:1207:32)
    at Module._load (node:internal/modules/cjs/loader:1023:12)
    at Module.require (node:internal/modules/cjs/loader:1235:19)
    at require (node:internal/modules/helpers:176:18)
    at Object.<anonymous> (G:\Programming\projects\FullStack\MERN Blog\server\src\routes\auth.js:3:24)
    at Module._compile (node:internal/modules/cjs/loader:1376:14)
2024-02-23 10:13:03 error: uncaughtException: Unexpected token ')'
G:\Programming\projects\FullStack\MERN Blog\server\src\controllers\auth.js:17
    throw badRequest(errors.);
                            ^

SyntaxError: Unexpected token ')'
    at internalCompileFunction (node:internal/vm:77:18)
    at wrapSafe (node:internal/modules/cjs/loader:1288:20)
    at Module._compile (node:internal/modules/cjs/loader:1340:27)
    at Module._extensions..js (node:internal/modules/cjs/loader:1435:10)
    at Module.load (node:internal/modules/cjs/loader:1207:32)
    at Module._load (node:internal/modules/cjs/loader:1023:12)
    at Module.require (node:internal/modules/cjs/loader:1235:19)
    at require (node:internal/modules/helpers:176:18)
    at Object.<anonymous> (G:\Programming\projects\FullStack\MERN Blog\server\src\routes\auth.js:3:24)
    at Module._compile (node:internal/modules/cjs/loader:1376:14)
2024-02-23 10:14:19 error: Error: [object Object],    at badRequest (G:\Programming\projects\FullStack\MERN Blog\server\src\utils\error.js:2:17),    at G:\Programming\projects\FullStack\MERN Blog\server\src\controllers\auth.js:17:11,    at G:\Programming\projects\FullStack\MERN Blog\server\src\middlewarers\catchAsyncErrors.js:7:19,    at Layer.handle [as handle_request] (G:\Programming\projects\FullStack\MERN Blog\server\node_modules\express\lib\router\layer.js:95:5),    at next (G:\Programming\projects\FullStack\MERN Blog\server\node_modules\express\lib\router\route.js:144:13),    at middleware (G:\Programming\projects\FullStack\MERN Blog\server\node_modules\express-validator\src\middlewares\check.js:16:13),    at process.processTicksAndRejections (node:internal/process/task_queues:95:5)
2024-02-23 10:15:10 error: Error: Bad Request,    at badRequest (G:\Programming\projects\FullStack\MERN Blog\server\src\utils\error.js:2:17),    at G:\Programming\projects\FullStack\MERN Blog\server\src\controllers\auth.js:17:11,    at G:\Programming\projects\FullStack\MERN Blog\server\src\middlewarers\catchAsyncErrors.js:7:19,    at Layer.handle [as handle_request] (G:\Programming\projects\FullStack\MERN Blog\server\node_modules\express\lib\router\layer.js:95:5),    at next (G:\Programming\projects\FullStack\MERN Blog\server\node_modules\express\lib\router\route.js:144:13),    at middleware (G:\Programming\projects\FullStack\MERN Blog\server\node_modules\express-validator\src\middlewares\check.js:16:13),    at process.processTicksAndRejections (node:internal/process/task_queues:95:5)
2024-02-23 10:21:54 error: TypeError: Cannot read properties of undefined (reading 'msg'),    at badRequest (G:\Programming\projects\FullStack\MERN Blog\server\src\utils\error.js:1:23),    at G:\Programming\projects\FullStack\MERN Blog\server\src\controllers\auth.js:17:11,    at G:\Programming\projects\FullStack\MERN Blog\server\src\middlewarers\catchAsyncErrors.js:7:19,    at Layer.handle [as handle_request] (G:\Programming\projects\FullStack\MERN Blog\server\node_modules\express\lib\router\layer.js:95:5),    at next (G:\Programming\projects\FullStack\MERN Blog\server\node_modules\express\lib\router\route.js:144:13),    at middleware (G:\Programming\projects\FullStack\MERN Blog\server\node_modules\express-validator\src\middlewares\check.js:16:13),    at process.processTicksAndRejections (node:internal/process/task_queues:95:5)
2024-02-23 10:24:02 error: uncaughtException: Unexpected token ','
G:\Programming\projects\FullStack\MERN Blog\server\src\controllers\auth.js:17
    throw badRequest(, errors.array());
                     ^

SyntaxError: Unexpected token ','
    at internalCompileFunction (node:internal/vm:77:18)
    at wrapSafe (node:internal/modules/cjs/loader:1288:20)
    at Module._compile (node:internal/modules/cjs/loader:1340:27)
    at Module._extensions..js (node:internal/modules/cjs/loader:1435:10)
    at Module.load (node:internal/modules/cjs/loader:1207:32)
    at Module._load (node:internal/modules/cjs/loader:1023:12)
    at Module.require (node:internal/modules/cjs/loader:1235:19)
    at require (node:internal/modules/helpers:176:18)
    at Object.<anonymous> (G:\Programming\projects\FullStack\MERN Blog\server\src\routes\auth.js:3:24)
    at Module._compile (node:internal/modules/cjs/loader:1376:14)
2024-02-23 10:25:23 error: Error,    at badRequest (G:\Programming\projects\FullStack\MERN Blog\server\src\utils\error.js:2:17),    at G:\Programming\projects\FullStack\MERN Blog\server\src\controllers\auth.js:17:11,    at G:\Programming\projects\FullStack\MERN Blog\server\src\middlewarers\catchAsyncErrors.js:7:19,    at Layer.handle [as handle_request] (G:\Programming\projects\FullStack\MERN Blog\server\node_modules\express\lib\router\layer.js:95:5),    at next (G:\Programming\projects\FullStack\MERN Blog\server\node_modules\express\lib\router\route.js:144:13),    at middleware (G:\Programming\projects\FullStack\MERN Blog\server\node_modules\express-validator\src\middlewares\check.js:16:13),    at process.processTicksAndRejections (node:internal/process/task_queues:95:5)
2024-02-23 10:38:55 error: uncaughtException: Unexpected token '.'
G:\Programming\projects\FullStack\MERN Blog\server\src\controllers\auth.js:19
    throw badRequest(.,errors.array());
                     ^

SyntaxError: Unexpected token '.'
    at internalCompileFunction (node:internal/vm:77:18)
    at wrapSafe (node:internal/modules/cjs/loader:1288:20)
    at Module._compile (node:internal/modules/cjs/loader:1340:27)
    at Module._extensions..js (node:internal/modules/cjs/loader:1435:10)
    at Module.load (node:internal/modules/cjs/loader:1207:32)
    at Module._load (node:internal/modules/cjs/loader:1023:12)
    at Module.require (node:internal/modules/cjs/loader:1235:19)
    at require (node:internal/modules/helpers:176:18)
    at Object.<anonymous> (G:\Programming\projects\FullStack\MERN Blog\server\src\routes\auth.js:3:24)
    at Module._compile (node:internal/modules/cjs/loader:1376:14)
2024-02-23 10:48:47 error: uncaughtException: missing ) after argument list
G:\Programming\projects\FullStack\MERN Blog\server\src\controllers\auth.js:72
};) 
^

SyntaxError: missing ) after argument list
    at internalCompileFunction (node:internal/vm:77:18)
    at wrapSafe (node:internal/modules/cjs/loader:1288:20)
    at Module._compile (node:internal/modules/cjs/loader:1340:27)
    at Module._extensions..js (node:internal/modules/cjs/loader:1435:10)
    at Module.load (node:internal/modules/cjs/loader:1207:32)
    at Module._load (node:internal/modules/cjs/loader:1023:12)
    at Module.require (node:internal/modules/cjs/loader:1235:19)
    at require (node:internal/modules/helpers:176:18)
    at Object.<anonymous> (G:\Programming\projects\FullStack\MERN Blog\server\src\routes\auth.js:3:24)
    at Module._compile (node:internal/modules/cjs/loader:1376:14)
2024-02-23 10:49:38 error: uncaughtException: Identifier 'module' has already been declared
G:\Programming\projects\FullStack\MERN Blog\server\src\validations\authValidation.js:10
module.exports = {
^

SyntaxError: Identifier 'module' has already been declared
    at internalCompileFunction (node:internal/vm:77:18)
    at wrapSafe (node:internal/modules/cjs/loader:1288:20)
    at Module._compile (node:internal/modules/cjs/loader:1340:27)
    at Module._extensions..js (node:internal/modules/cjs/loader:1435:10)
    at Module.load (node:internal/modules/cjs/loader:1207:32)
    at Module._load (node:internal/modules/cjs/loader:1023:12)
    at Module.require (node:internal/modules/cjs/loader:1235:19)
    at require (node:internal/modules/helpers:176:18)
    at Object.<anonymous> (G:\Programming\projects\FullStack\MERN Blog\server\src\routes\auth.js:4:30)
    at Module._compile (node:internal/modules/cjs/loader:1376:14)
2024-02-23 10:52:49 error: uncaughtException: Unexpected identifier 'body'
G:\Programming\projects\FullStack\MERN Blog\server\src\validations\authValidation.js:10
  body("email").notEmpty().escape().withMessage("Email can not be empty"),
  ^^^^

SyntaxError: Unexpected identifier 'body'
    at internalCompileFunction (node:internal/vm:77:18)
    at wrapSafe (node:internal/modules/cjs/loader:1288:20)
    at Module._compile (node:internal/modules/cjs/loader:1340:27)
    at Module._extensions..js (node:internal/modules/cjs/loader:1435:10)
    at Module.load (node:internal/modules/cjs/loader:1207:32)
    at Module._load (node:internal/modules/cjs/loader:1023:12)
    at Module.require (node:internal/modules/cjs/loader:1235:19)
    at require (node:internal/modules/helpers:176:18)
    at Object.<anonymous> (G:\Programming\projects\FullStack\MERN Blog\server\src\routes\auth.js:4:30)
    at Module._compile (node:internal/modules/cjs/loader:1376:14)
2024-02-23 10:53:15 error: uncaughtException: Unexpected identifier 'body'
G:\Programming\projects\FullStack\MERN Blog\server\src\validations\authValidation.js:12
  body("email").notEmpty().escape().withMessage("Email can not be empty"),
  ^^^^

SyntaxError: Unexpected identifier 'body'
    at internalCompileFunction (node:internal/vm:77:18)
    at wrapSafe (node:internal/modules/cjs/loader:1288:20)
    at Module._compile (node:internal/modules/cjs/loader:1340:27)
    at Module._extensions..js (node:internal/modules/cjs/loader:1435:10)
    at Module.load (node:internal/modules/cjs/loader:1207:32)
    at Module._load (node:internal/modules/cjs/loader:1023:12)
    at Module.require (node:internal/modules/cjs/loader:1235:19)
    at require (node:internal/modules/helpers:176:18)
    at Object.<anonymous> (G:\Programming\projects\FullStack\MERN Blog\server\src\routes\auth.js:4:30)
    at Module._compile (node:internal/modules/cjs/loader:1376:14)
2024-02-23 10:57:13 error: uncaughtException: Route.post() requires a callback function but got a [object Undefined]
Error: Route.post() requires a callback function but got a [object Undefined]
    at Route.<computed> [as post] (G:\Programming\projects\FullStack\MERN Blog\server\node_modules\express\lib\router\route.js:211:15)
    at proto.<computed> [as post] (G:\Programming\projects\FullStack\MERN Blog\server\node_modules\express\lib\router\index.js:521:19)
    at Object.<anonymous> (G:\Programming\projects\FullStack\MERN Blog\server\src\routes\auth.js:6:8)
    at Module._compile (node:internal/modules/cjs/loader:1376:14)
    at Module._extensions..js (node:internal/modules/cjs/loader:1435:10)
    at Module.load (node:internal/modules/cjs/loader:1207:32)
    at Module._load (node:internal/modules/cjs/loader:1023:12)
    at Module.require (node:internal/modules/cjs/loader:1235:19)
    at require (node:internal/modules/helpers:176:18)
    at Object.<anonymous> (G:\Programming\projects\FullStack\MERN Blog\server\src\routes\index.js:1:20)
2024-02-23 10:57:27 error: uncaughtException: sendOTPValidator is not defined
ReferenceError: sendOTPValidator is not defined
    at Object.<anonymous> (G:\Programming\projects\FullStack\MERN Blog\server\src\routes\auth.js:9:26)
    at Module._compile (node:internal/modules/cjs/loader:1376:14)
    at Module._extensions..js (node:internal/modules/cjs/loader:1435:10)
    at Module.load (node:internal/modules/cjs/loader:1207:32)
    at Module._load (node:internal/modules/cjs/loader:1023:12)
    at Module.require (node:internal/modules/cjs/loader:1235:19)
    at require (node:internal/modules/helpers:176:18)
    at Object.<anonymous> (G:\Programming\projects\FullStack\MERN Blog\server\src\routes\index.js:1:20)
    at Module._compile (node:internal/modules/cjs/loader:1376:14)
    at Module._extensions..js (node:internal/modules/cjs/loader:1435:10)
2024-02-23 10:57:31 error: uncaughtException: sendOTPValidator is not defined
ReferenceError: sendOTPValidator is not defined
    at Object.<anonymous> (G:\Programming\projects\FullStack\MERN Blog\server\src\routes\auth.js:9:26)
    at Module._compile (node:internal/modules/cjs/loader:1376:14)
    at Module._extensions..js (node:internal/modules/cjs/loader:1435:10)
    at Module.load (node:internal/modules/cjs/loader:1207:32)
    at Module._load (node:internal/modules/cjs/loader:1023:12)
    at Module.require (node:internal/modules/cjs/loader:1235:19)
    at require (node:internal/modules/helpers:176:18)
    at Object.<anonymous> (G:\Programming\projects\FullStack\MERN Blog\server\src\routes\index.js:1:20)
    at Module._compile (node:internal/modules/cjs/loader:1376:14)
    at Module._extensions..js (node:internal/modules/cjs/loader:1435:10)
2024-02-23 10:57:39 error: uncaughtException: sendOTPValidator is not defined
ReferenceError: sendOTPValidator is not defined
    at Object.<anonymous> (G:\Programming\projects\FullStack\MERN Blog\server\src\routes\auth.js:9:26)
    at Module._compile (node:internal/modules/cjs/loader:1376:14)
    at Module._extensions..js (node:internal/modules/cjs/loader:1435:10)
    at Module.load (node:internal/modules/cjs/loader:1207:32)
    at Module._load (node:internal/modules/cjs/loader:1023:12)
    at Module.require (node:internal/modules/cjs/loader:1235:19)
    at require (node:internal/modules/helpers:176:18)
    at Object.<anonymous> (G:\Programming\projects\FullStack\MERN Blog\server\src\routes\index.js:1:20)
    at Module._compile (node:internal/modules/cjs/loader:1376:14)
    at Module._extensions..js (node:internal/modules/cjs/loader:1435:10)
2024-02-23 10:57:45 error: uncaughtException: registration is not defined
ReferenceError: registration is not defined
    at Object.<anonymous> (G:\Programming\projects\FullStack\MERN Blog\server\src\controllers\auth.js:155:3)
    at Module._compile (node:internal/modules/cjs/loader:1376:14)
    at Module._extensions..js (node:internal/modules/cjs/loader:1435:10)
    at Module.load (node:internal/modules/cjs/loader:1207:32)
    at Module._load (node:internal/modules/cjs/loader:1023:12)
    at Module.require (node:internal/modules/cjs/loader:1235:19)
    at require (node:internal/modules/helpers:176:18)
    at Object.<anonymous> (G:\Programming\projects\FullStack\MERN Blog\server\src\routes\auth.js:3:24)
    at Module._compile (node:internal/modules/cjs/loader:1376:14)
    at Module._extensions..js (node:internal/modules/cjs/loader:1435:10)
2024-02-23 10:57:58 error: uncaughtException: registration is not defined
ReferenceError: registration is not defined
    at Object.<anonymous> (G:\Programming\projects\FullStack\MERN Blog\server\src\controllers\auth.js:155:3)
    at Module._compile (node:internal/modules/cjs/loader:1376:14)
    at Module._extensions..js (node:internal/modules/cjs/loader:1435:10)
    at Module.load (node:internal/modules/cjs/loader:1207:32)
    at Module._load (node:internal/modules/cjs/loader:1023:12)
    at Module.require (node:internal/modules/cjs/loader:1235:19)
    at require (node:internal/modules/helpers:176:18)
    at Object.<anonymous> (G:\Programming\projects\FullStack\MERN Blog\server\src\routes\auth.js:3:24)
    at Module._compile (node:internal/modules/cjs/loader:1376:14)
    at Module._extensions..js (node:internal/modules/cjs/loader:1435:10)
2024-02-23 10:59:03 error: uncaughtException: registration is not defined
ReferenceError: registration is not defined
    at Object.<anonymous> (G:\Programming\projects\FullStack\MERN Blog\server\src\controllers\auth.js:155:3)
    at Module._compile (node:internal/modules/cjs/loader:1376:14)
    at Module._extensions..js (node:internal/modules/cjs/loader:1435:10)
    at Module.load (node:internal/modules/cjs/loader:1207:32)
    at Module._load (node:internal/modules/cjs/loader:1023:12)
    at Module.require (node:internal/modules/cjs/loader:1235:19)
    at require (node:internal/modules/helpers:176:18)
    at Object.<anonymous> (G:\Programming\projects\FullStack\MERN Blog\server\src\routes\auth.js:3:24)
    at Module._compile (node:internal/modules/cjs/loader:1376:14)
    at Module._extensions..js (node:internal/modules/cjs/loader:1435:10)
2024-02-23 10:59:27 error: uncaughtException: registration is not defined
ReferenceError: registration is not defined
    at Object.<anonymous> (G:\Programming\projects\FullStack\MERN Blog\server\src\controllers\auth.js:155:3)
    at Module._compile (node:internal/modules/cjs/loader:1376:14)
    at Module._extensions..js (node:internal/modules/cjs/loader:1435:10)
    at Module.load (node:internal/modules/cjs/loader:1207:32)
    at Module._load (node:internal/modules/cjs/loader:1023:12)
    at Module.require (node:internal/modules/cjs/loader:1235:19)
    at require (node:internal/modules/helpers:176:18)
    at Object.<anonymous> (G:\Programming\projects\FullStack\MERN Blog\server\src\routes\auth.js:3:24)
    at Module._compile (node:internal/modules/cjs/loader:1376:14)
    at Module._extensions..js (node:internal/modules/cjs/loader:1435:10)
2024-02-23 10:59:37 error: uncaughtException: registration is not defined
ReferenceError: registration is not defined
    at Object.<anonymous> (G:\Programming\projects\FullStack\MERN Blog\server\src\controllers\auth.js:155:3)
    at Module._compile (node:internal/modules/cjs/loader:1376:14)
    at Module._extensions..js (node:internal/modules/cjs/loader:1435:10)
    at Module.load (node:internal/modules/cjs/loader:1207:32)
    at Module._load (node:internal/modules/cjs/loader:1023:12)
    at Module.require (node:internal/modules/cjs/loader:1235:19)
    at require (node:internal/modules/helpers:176:18)
    at Object.<anonymous> (G:\Programming\projects\FullStack\MERN Blog\server\src\routes\auth.js:3:24)
    at Module._compile (node:internal/modules/cjs/loader:1376:14)
    at Module._extensions..js (node:internal/modules/cjs/loader:1435:10)
2024-02-23 10:59:46 error: uncaughtException: registration is not defined
ReferenceError: registration is not defined
    at Object.<anonymous> (G:\Programming\projects\FullStack\MERN Blog\server\src\controllers\auth.js:155:3)
    at Module._compile (node:internal/modules/cjs/loader:1376:14)
    at Module._extensions..js (node:internal/modules/cjs/loader:1435:10)
    at Module.load (node:internal/modules/cjs/loader:1207:32)
    at Module._load (node:internal/modules/cjs/loader:1023:12)
    at Module.require (node:internal/modules/cjs/loader:1235:19)
    at require (node:internal/modules/helpers:176:18)
    at Object.<anonymous> (G:\Programming\projects\FullStack\MERN Blog\server\src\routes\auth.js:3:24)
    at Module._compile (node:internal/modules/cjs/loader:1376:14)
    at Module._extensions..js (node:internal/modules/cjs/loader:1435:10)
2024-02-23 11:00:21 error: uncaughtException: registration is not defined
ReferenceError: registration is not defined
    at Object.<anonymous> (G:\Programming\projects\FullStack\MERN Blog\server\src\controllers\auth.js:155:3)
    at Module._compile (node:internal/modules/cjs/loader:1376:14)
    at Module._extensions..js (node:internal/modules/cjs/loader:1435:10)
    at Module.load (node:internal/modules/cjs/loader:1207:32)
    at Module._load (node:internal/modules/cjs/loader:1023:12)
    at Module.require (node:internal/modules/cjs/loader:1235:19)
    at require (node:internal/modules/helpers:176:18)
    at Object.<anonymous> (G:\Programming\projects\FullStack\MERN Blog\server\src\routes\auth.js:3:24)
    at Module._compile (node:internal/modules/cjs/loader:1376:14)
    at Module._extensions..js (node:internal/modules/cjs/loader:1435:10)
2024-02-23 11:00:47 error: uncaughtException: registration is not defined
ReferenceError: registration is not defined
    at Object.<anonymous> (G:\Programming\projects\FullStack\MERN Blog\server\src\controllers\auth.js:155:3)
    at Module._compile (node:internal/modules/cjs/loader:1376:14)
    at Module._extensions..js (node:internal/modules/cjs/loader:1435:10)
    at Module.load (node:internal/modules/cjs/loader:1207:32)
    at Module._load (node:internal/modules/cjs/loader:1023:12)
    at Module.require (node:internal/modules/cjs/loader:1235:19)
    at require (node:internal/modules/helpers:176:18)
    at Object.<anonymous> (G:\Programming\projects\FullStack\MERN Blog\server\src\routes\auth.js:3:24)
    at Module._compile (node:internal/modules/cjs/loader:1376:14)
    at Module._extensions..js (node:internal/modules/cjs/loader:1435:10)
2024-02-23 11:00:55 error: uncaughtException: registration is not defined
ReferenceError: registration is not defined
    at Object.<anonymous> (G:\Programming\projects\FullStack\MERN Blog\server\src\controllers\auth.js:155:3)
    at Module._compile (node:internal/modules/cjs/loader:1376:14)
    at Module._extensions..js (node:internal/modules/cjs/loader:1435:10)
    at Module.load (node:internal/modules/cjs/loader:1207:32)
    at Module._load (node:internal/modules/cjs/loader:1023:12)
    at Module.require (node:internal/modules/cjs/loader:1235:19)
    at require (node:internal/modules/helpers:176:18)
    at Object.<anonymous> (G:\Programming\projects\FullStack\MERN Blog\server\src\routes\auth.js:3:24)
    at Module._compile (node:internal/modules/cjs/loader:1376:14)
    at Module._extensions..js (node:internal/modules/cjs/loader:1435:10)
2024-02-23 11:00:59 error: uncaughtException: registration is not defined
ReferenceError: registration is not defined
    at Object.<anonymous> (G:\Programming\projects\FullStack\MERN Blog\server\src\controllers\auth.js:155:3)
    at Module._compile (node:internal/modules/cjs/loader:1376:14)
    at Module._extensions..js (node:internal/modules/cjs/loader:1435:10)
    at Module.load (node:internal/modules/cjs/loader:1207:32)
    at Module._load (node:internal/modules/cjs/loader:1023:12)
    at Module.require (node:internal/modules/cjs/loader:1235:19)
    at require (node:internal/modules/helpers:176:18)
    at Object.<anonymous> (G:\Programming\projects\FullStack\MERN Blog\server\src\routes\auth.js:3:24)
    at Module._compile (node:internal/modules/cjs/loader:1376:14)
    at Module._extensions..js (node:internal/modules/cjs/loader:1435:10)
2024-02-23 11:01:04 error: uncaughtException: registration is not defined
ReferenceError: registration is not defined
    at Object.<anonymous> (G:\Programming\projects\FullStack\MERN Blog\server\src\controllers\auth.js:155:3)
    at Module._compile (node:internal/modules/cjs/loader:1376:14)
    at Module._extensions..js (node:internal/modules/cjs/loader:1435:10)
    at Module.load (node:internal/modules/cjs/loader:1207:32)
    at Module._load (node:internal/modules/cjs/loader:1023:12)
    at Module.require (node:internal/modules/cjs/loader:1235:19)
    at require (node:internal/modules/helpers:176:18)
    at Object.<anonymous> (G:\Programming\projects\FullStack\MERN Blog\server\src\routes\auth.js:3:24)
    at Module._compile (node:internal/modules/cjs/loader:1376:14)
    at Module._extensions..js (node:internal/modules/cjs/loader:1435:10)
2024-02-23 11:01:14 error: uncaughtException: registration is not defined
ReferenceError: registration is not defined
    at Object.<anonymous> (G:\Programming\projects\FullStack\MERN Blog\server\src\controllers\auth.js:155:3)
    at Module._compile (node:internal/modules/cjs/loader:1376:14)
    at Module._extensions..js (node:internal/modules/cjs/loader:1435:10)
    at Module.load (node:internal/modules/cjs/loader:1207:32)
    at Module._load (node:internal/modules/cjs/loader:1023:12)
    at Module.require (node:internal/modules/cjs/loader:1235:19)
    at require (node:internal/modules/helpers:176:18)
    at Object.<anonymous> (G:\Programming\projects\FullStack\MERN Blog\server\src\routes\auth.js:3:24)
    at Module._compile (node:internal/modules/cjs/loader:1376:14)
    at Module._extensions..js (node:internal/modules/cjs/loader:1435:10)
2024-02-23 11:01:37 error: uncaughtException: registration is not defined
ReferenceError: registration is not defined
    at Object.<anonymous> (G:\Programming\projects\FullStack\MERN Blog\server\src\controllers\auth.js:155:3)
    at Module._compile (node:internal/modules/cjs/loader:1376:14)
    at Module._extensions..js (node:internal/modules/cjs/loader:1435:10)
    at Module.load (node:internal/modules/cjs/loader:1207:32)
    at Module._load (node:internal/modules/cjs/loader:1023:12)
    at Module.require (node:internal/modules/cjs/loader:1235:19)
    at require (node:internal/modules/helpers:176:18)
    at Object.<anonymous> (G:\Programming\projects\FullStack\MERN Blog\server\src\routes\auth.js:3:24)
    at Module._compile (node:internal/modules/cjs/loader:1376:14)
    at Module._extensions..js (node:internal/modules/cjs/loader:1435:10)
2024-02-23 11:01:47 error: uncaughtException: registration is not defined
ReferenceError: registration is not defined
    at Object.<anonymous> (G:\Programming\projects\FullStack\MERN Blog\server\src\controllers\auth.js:155:3)
    at Module._compile (node:internal/modules/cjs/loader:1376:14)
    at Module._extensions..js (node:internal/modules/cjs/loader:1435:10)
    at Module.load (node:internal/modules/cjs/loader:1207:32)
    at Module._load (node:internal/modules/cjs/loader:1023:12)
    at Module.require (node:internal/modules/cjs/loader:1235:19)
    at require (node:internal/modules/helpers:176:18)
    at Object.<anonymous> (G:\Programming\projects\FullStack\MERN Blog\server\src\routes\auth.js:3:24)
    at Module._compile (node:internal/modules/cjs/loader:1376:14)
    at Module._extensions..js (node:internal/modules/cjs/loader:1435:10)
2024-02-23 11:01:55 error: uncaughtException: registration is not defined
ReferenceError: registration is not defined
    at Object.<anonymous> (G:\Programming\projects\FullStack\MERN Blog\server\src\controllers\auth.js:155:3)
    at Module._compile (node:internal/modules/cjs/loader:1376:14)
    at Module._extensions..js (node:internal/modules/cjs/loader:1435:10)
    at Module.load (node:internal/modules/cjs/loader:1207:32)
    at Module._load (node:internal/modules/cjs/loader:1023:12)
    at Module.require (node:internal/modules/cjs/loader:1235:19)
    at require (node:internal/modules/helpers:176:18)
    at Object.<anonymous> (G:\Programming\projects\FullStack\MERN Blog\server\src\routes\auth.js:3:24)
    at Module._compile (node:internal/modules/cjs/loader:1376:14)
    at Module._extensions..js (node:internal/modules/cjs/loader:1435:10)
2024-02-23 11:03:08 error: uncaughtException: sendOTPValidator is not defined
ReferenceError: sendOTPValidator is not defined
    at Object.<anonymous> (G:\Programming\projects\FullStack\MERN Blog\server\src\routes\auth.js:13:3)
    at Module._compile (node:internal/modules/cjs/loader:1376:14)
    at Module._extensions..js (node:internal/modules/cjs/loader:1435:10)
    at Module.load (node:internal/modules/cjs/loader:1207:32)
    at Module._load (node:internal/modules/cjs/loader:1023:12)
    at Module.require (node:internal/modules/cjs/loader:1235:19)
    at require (node:internal/modules/helpers:176:18)
    at Object.<anonymous> (G:\Programming\projects\FullStack\MERN Blog\server\src\routes\index.js:1:20)
    at Module._compile (node:internal/modules/cjs/loader:1376:14)
    at Module._extensions..js (node:internal/modules/cjs/loader:1435:10)
2024-02-23 11:04:03 error: uncaughtException: Route.post() requires a callback function but got a [object Undefined]
Error: Route.post() requires a callback function but got a [object Undefined]
    at Route.<computed> [as post] (G:\Programming\projects\FullStack\MERN Blog\server\node_modules\express\lib\router\route.js:211:15)
    at proto.<computed> [as post] (G:\Programming\projects\FullStack\MERN Blog\server\node_modules\express\lib\router\index.js:521:19)
    at Object.<anonymous> (G:\Programming\projects\FullStack\MERN Blog\server\src\routes\auth.js:11:8)
    at Module._compile (node:internal/modules/cjs/loader:1376:14)
    at Module._extensions..js (node:internal/modules/cjs/loader:1435:10)
    at Module.load (node:internal/modules/cjs/loader:1207:32)
    at Module._load (node:internal/modules/cjs/loader:1023:12)
    at Module.require (node:internal/modules/cjs/loader:1235:19)
    at require (node:internal/modules/helpers:176:18)
    at Object.<anonymous> (G:\Programming\projects\FullStack\MERN Blog\server\src\routes\index.js:1:20)
2024-02-23 11:05:06 error: uncaughtException: Route.post() requires a callback function but got a [object Undefined]
Error: Route.post() requires a callback function but got a [object Undefined]
    at Route.<computed> [as post] (G:\Programming\projects\FullStack\MERN Blog\server\node_modules\express\lib\router\route.js:211:15)
    at proto.<computed> [as post] (G:\Programming\projects\FullStack\MERN Blog\server\node_modules\express\lib\router\index.js:521:19)
    at Object.<anonymous> (G:\Programming\projects\FullStack\MERN Blog\server\src\routes\auth.js:11:8)
    at Module._compile (node:internal/modules/cjs/loader:1376:14)
    at Module._extensions..js (node:internal/modules/cjs/loader:1435:10)
    at Module.load (node:internal/modules/cjs/loader:1207:32)
    at Module._load (node:internal/modules/cjs/loader:1023:12)
    at Module.require (node:internal/modules/cjs/loader:1235:19)
    at require (node:internal/modules/helpers:176:18)
    at Object.<anonymous> (G:\Programming\projects\FullStack\MERN Blog\server\src\routes\index.js:1:20)
2024-02-23 11:05:50 error: uncaughtException: Route.post() requires a callback function but got a [object Undefined]
Error: Route.post() requires a callback function but got a [object Undefined]
    at Route.<computed> [as post] (G:\Programming\projects\FullStack\MERN Blog\server\node_modules\express\lib\router\route.js:211:15)
    at proto.<computed> [as post] (G:\Programming\projects\FullStack\MERN Blog\server\node_modules\express\lib\router\index.js:521:19)
    at Object.<anonymous> (G:\Programming\projects\FullStack\MERN Blog\server\src\routes\auth.js:11:8)
    at Module._compile (node:internal/modules/cjs/loader:1376:14)
    at Module._extensions..js (node:internal/modules/cjs/loader:1435:10)
    at Module.load (node:internal/modules/cjs/loader:1207:32)
    at Module._load (node:internal/modules/cjs/loader:1023:12)
    at Module.require (node:internal/modules/cjs/loader:1235:19)
    at require (node:internal/modules/helpers:176:18)
    at Object.<anonymous> (G:\Programming\projects\FullStack\MERN Blog\server\src\routes\index.js:1:20)
2024-02-23 11:05:54 error: uncaughtException: Route.post() requires a callback function but got a [object Undefined]
Error: Route.post() requires a callback function but got a [object Undefined]
    at Route.<computed> [as post] (G:\Programming\projects\FullStack\MERN Blog\server\node_modules\express\lib\router\route.js:211:15)
    at proto.<computed> [as post] (G:\Programming\projects\FullStack\MERN Blog\server\node_modules\express\lib\router\index.js:521:19)
    at Object.<anonymous> (G:\Programming\projects\FullStack\MERN Blog\server\src\routes\auth.js:11:8)
    at Module._compile (node:internal/modules/cjs/loader:1376:14)
    at Module._extensions..js (node:internal/modules/cjs/loader:1435:10)
    at Module.load (node:internal/modules/cjs/loader:1207:32)
    at Module._load (node:internal/modules/cjs/loader:1023:12)
    at Module.require (node:internal/modules/cjs/loader:1235:19)
    at require (node:internal/modules/helpers:176:18)
    at Object.<anonymous> (G:\Programming\projects\FullStack\MERN Blog\server\src\routes\index.js:1:20)
2024-02-23 11:07:35 error: uncaughtException: Route.post() requires a callback function but got a [object Undefined]
Error: Route.post() requires a callback function but got a [object Undefined]
    at Route.<computed> [as post] (G:\Programming\projects\FullStack\MERN Blog\server\node_modules\express\lib\router\route.js:211:15)
    at proto.<computed> [as post] (G:\Programming\projects\FullStack\MERN Blog\server\node_modules\express\lib\router\index.js:521:19)
    at Object.<anonymous> (G:\Programming\projects\FullStack\MERN Blog\server\src\routes\auth.js:10:8)
    at Module._compile (node:internal/modules/cjs/loader:1376:14)
    at Module._extensions..js (node:internal/modules/cjs/loader:1435:10)
    at Module.load (node:internal/modules/cjs/loader:1207:32)
    at Module._load (node:internal/modules/cjs/loader:1023:12)
    at Module.require (node:internal/modules/cjs/loader:1235:19)
    at require (node:internal/modules/helpers:176:18)
    at Object.<anonymous> (G:\Programming\projects\FullStack\MERN Blog\server\src\routes\index.js:1:20)
2024-02-23 11:07:38 error: uncaughtException: Route.post() requires a callback function but got a [object Undefined]
Error: Route.post() requires a callback function but got a [object Undefined]
    at Route.<computed> [as post] (G:\Programming\projects\FullStack\MERN Blog\server\node_modules\express\lib\router\route.js:211:15)
    at proto.<computed> [as post] (G:\Programming\projects\FullStack\MERN Blog\server\node_modules\express\lib\router\index.js:521:19)
    at Object.<anonymous> (G:\Programming\projects\FullStack\MERN Blog\server\src\routes\auth.js:9:8)
    at Module._compile (node:internal/modules/cjs/loader:1376:14)
    at Module._extensions..js (node:internal/modules/cjs/loader:1435:10)
    at Module.load (node:internal/modules/cjs/loader:1207:32)
    at Module._load (node:internal/modules/cjs/loader:1023:12)
    at Module.require (node:internal/modules/cjs/loader:1235:19)
    at require (node:internal/modules/helpers:176:18)
    at Object.<anonymous> (G:\Programming\projects\FullStack\MERN Blog\server\src\routes\index.js:1:20)
2024-02-23 11:08:50 error: uncaughtException: Route.post() requires a callback function but got a [object Undefined]
Error: Route.post() requires a callback function but got a [object Undefined]
    at Route.<computed> [as post] (G:\Programming\projects\FullStack\MERN Blog\server\node_modules\express\lib\router\route.js:211:15)
    at proto.<computed> [as post] (G:\Programming\projects\FullStack\MERN Blog\server\node_modules\express\lib\router\index.js:521:19)
    at Object.<anonymous> (G:\Programming\projects\FullStack\MERN Blog\server\src\routes\auth.js:9:8)
    at Module._compile (node:internal/modules/cjs/loader:1376:14)
    at Module._extensions..js (node:internal/modules/cjs/loader:1435:10)
    at Module.load (node:internal/modules/cjs/loader:1207:32)
    at Module._load (node:internal/modules/cjs/loader:1023:12)
    at Module.require (node:internal/modules/cjs/loader:1235:19)
    at require (node:internal/modules/helpers:176:18)
    at Object.<anonymous> (G:\Programming\projects\FullStack\MERN Blog\server\src\routes\index.js:1:20)
2024-02-23 11:09:00 error: uncaughtException: Route.post() requires a callback function but got a [object Undefined]
Error: Route.post() requires a callback function but got a [object Undefined]
    at Route.<computed> [as post] (G:\Programming\projects\FullStack\MERN Blog\server\node_modules\express\lib\router\route.js:211:15)
    at proto.<computed> [as post] (G:\Programming\projects\FullStack\MERN Blog\server\node_modules\express\lib\router\index.js:521:19)
    at Object.<anonymous> (G:\Programming\projects\FullStack\MERN Blog\server\src\routes\auth.js:9:8)
    at Module._compile (node:internal/modules/cjs/loader:1376:14)
    at Module._extensions..js (node:internal/modules/cjs/loader:1435:10)
    at Module.load (node:internal/modules/cjs/loader:1207:32)
    at Module._load (node:internal/modules/cjs/loader:1023:12)
    at Module.require (node:internal/modules/cjs/loader:1235:19)
    at require (node:internal/modules/helpers:176:18)
    at Object.<anonymous> (G:\Programming\projects\FullStack\MERN Blog\server\src\routes\index.js:1:20)
2024-02-23 11:09:53 error: uncaughtException: sendOTPValidator is not defined
ReferenceError: sendOTPValidator is not defined
    at Object.<anonymous> (G:\Programming\projects\FullStack\MERN Blog\server\src\routes\auth.js:9:26)
    at Module._compile (node:internal/modules/cjs/loader:1376:14)
    at Module._extensions..js (node:internal/modules/cjs/loader:1435:10)
    at Module.load (node:internal/modules/cjs/loader:1207:32)
    at Module._load (node:internal/modules/cjs/loader:1023:12)
    at Module.require (node:internal/modules/cjs/loader:1235:19)
    at require (node:internal/modules/helpers:176:18)
    at Object.<anonymous> (G:\Programming\projects\FullStack\MERN Blog\server\src\routes\index.js:1:20)
    at Module._compile (node:internal/modules/cjs/loader:1376:14)
    at Module._extensions..js (node:internal/modules/cjs/loader:1435:10)
2024-02-23 11:10:05 error: uncaughtException: Route.post() requires a callback function but got a [object Undefined]
Error: Route.post() requires a callback function but got a [object Undefined]
    at Route.<computed> [as post] (G:\Programming\projects\FullStack\MERN Blog\server\node_modules\express\lib\router\route.js:211:15)
    at proto.<computed> [as post] (G:\Programming\projects\FullStack\MERN Blog\server\node_modules\express\lib\router\index.js:521:19)
    at Object.<anonymous> (G:\Programming\projects\FullStack\MERN Blog\server\src\routes\auth.js:6:8)
    at Module._compile (node:internal/modules/cjs/loader:1376:14)
    at Module._extensions..js (node:internal/modules/cjs/loader:1435:10)
    at Module.load (node:internal/modules/cjs/loader:1207:32)
    at Module._load (node:internal/modules/cjs/loader:1023:12)
    at Module.require (node:internal/modules/cjs/loader:1235:19)
    at require (node:internal/modules/helpers:176:18)
    at Object.<anonymous> (G:\Programming\projects\FullStack\MERN Blog\server\src\routes\index.js:1:20)
2024-02-23 11:10:12 error: uncaughtException: Route.post() requires a callback function but got a [object Undefined]
Error: Route.post() requires a callback function but got a [object Undefined]
    at Route.<computed> [as post] (G:\Programming\projects\FullStack\MERN Blog\server\node_modules\express\lib\router\route.js:211:15)
    at proto.<computed> [as post] (G:\Programming\projects\FullStack\MERN Blog\server\node_modules\express\lib\router\index.js:521:19)
    at Object.<anonymous> (G:\Programming\projects\FullStack\MERN Blog\server\src\routes\auth.js:6:8)
    at Module._compile (node:internal/modules/cjs/loader:1376:14)
    at Module._extensions..js (node:internal/modules/cjs/loader:1435:10)
    at Module.load (node:internal/modules/cjs/loader:1207:32)
    at Module._load (node:internal/modules/cjs/loader:1023:12)
    at Module.require (node:internal/modules/cjs/loader:1235:19)
    at require (node:internal/modules/helpers:176:18)
    at Object.<anonymous> (G:\Programming\projects\FullStack\MERN Blog\server\src\routes\index.js:1:20)
2024-02-23 11:11:01 error: uncaughtException: Route.post() requires a callback function but got a [object Undefined]
Error: Route.post() requires a callback function but got a [object Undefined]
    at Route.<computed> [as post] (G:\Programming\projects\FullStack\MERN Blog\server\node_modules\express\lib\router\route.js:211:15)
    at proto.<computed> [as post] (G:\Programming\projects\FullStack\MERN Blog\server\node_modules\express\lib\router\index.js:521:19)
    at Object.<anonymous> (G:\Programming\projects\FullStack\MERN Blog\server\src\routes\auth.js:6:8)
    at Module._compile (node:internal/modules/cjs/loader:1376:14)
    at Module._extensions..js (node:internal/modules/cjs/loader:1435:10)
    at Module.load (node:internal/modules/cjs/loader:1207:32)
    at Module._load (node:internal/modules/cjs/loader:1023:12)
    at Module.require (node:internal/modules/cjs/loader:1235:19)
    at require (node:internal/modules/helpers:176:18)
    at Object.<anonymous> (G:\Programming\projects\FullStack\MERN Blog\server\src\routes\index.js:1:20)
2024-02-23 11:11:28 error: uncaughtException: Route.post() requires a callback function but got a [object Undefined]
Error: Route.post() requires a callback function but got a [object Undefined]
    at Route.<computed> [as post] (G:\Programming\projects\FullStack\MERN Blog\server\node_modules\express\lib\router\route.js:211:15)
    at proto.<computed> [as post] (G:\Programming\projects\FullStack\MERN Blog\server\node_modules\express\lib\router\index.js:521:19)
    at Object.<anonymous> (G:\Programming\projects\FullStack\MERN Blog\server\src\routes\auth.js:6:8)
    at Module._compile (node:internal/modules/cjs/loader:1376:14)
    at Module._extensions..js (node:internal/modules/cjs/loader:1435:10)
    at Module.load (node:internal/modules/cjs/loader:1207:32)
    at Module._load (node:internal/modules/cjs/loader:1023:12)
    at Module.require (node:internal/modules/cjs/loader:1235:19)
    at require (node:internal/modules/helpers:176:18)
    at Object.<anonymous> (G:\Programming\projects\FullStack\MERN Blog\server\src\routes\index.js:1:20)
2024-02-23 11:11:32 error: uncaughtException: Route.post() requires a callback function but got a [object Undefined]
Error: Route.post() requires a callback function but got a [object Undefined]
    at Route.<computed> [as post] (G:\Programming\projects\FullStack\MERN Blog\server\node_modules\express\lib\router\route.js:211:15)
    at proto.<computed> [as post] (G:\Programming\projects\FullStack\MERN Blog\server\node_modules\express\lib\router\index.js:521:19)
    at Object.<anonymous> (G:\Programming\projects\FullStack\MERN Blog\server\src\routes\auth.js:6:8)
    at Module._compile (node:internal/modules/cjs/loader:1376:14)
    at Module._extensions..js (node:internal/modules/cjs/loader:1435:10)
    at Module.load (node:internal/modules/cjs/loader:1207:32)
    at Module._load (node:internal/modules/cjs/loader:1023:12)
    at Module.require (node:internal/modules/cjs/loader:1235:19)
    at require (node:internal/modules/helpers:176:18)
    at Object.<anonymous> (G:\Programming\projects\FullStack\MERN Blog\server\src\routes\index.js:1:20)
2024-02-23 11:35:59 error: uncaughtException: Route.post() requires a callback function but got a [object Undefined]
Error: Route.post() requires a callback function but got a [object Undefined]
    at Route.<computed> [as post] (G:\Programming\projects\FullStack\MERN Blog\server\node_modules\express\lib\router\route.js:211:15)
    at proto.<computed> [as post] (G:\Programming\projects\FullStack\MERN Blog\server\node_modules\express\lib\router\index.js:521:19)
    at Object.<anonymous> (G:\Programming\projects\FullStack\MERN Blog\server\src\routes\auth.js:6:8)
    at Module._compile (node:internal/modules/cjs/loader:1376:14)
    at Module._extensions..js (node:internal/modules/cjs/loader:1435:10)
    at Module.load (node:internal/modules/cjs/loader:1207:32)
    at Module._load (node:internal/modules/cjs/loader:1023:12)
    at Module.require (node:internal/modules/cjs/loader:1235:19)
    at require (node:internal/modules/helpers:176:18)
    at Object.<anonymous> (G:\Programming\projects\FullStack\MERN Blog\server\src\routes\index.js:1:20)
2024-02-23 11:36:22 error: uncaughtException: Route.post() requires a callback function but got a [object Undefined]
Error: Route.post() requires a callback function but got a [object Undefined]
    at Route.<computed> [as post] (G:\Programming\projects\FullStack\MERN Blog\server\node_modules\express\lib\router\route.js:211:15)
    at proto.<computed> [as post] (G:\Programming\projects\FullStack\MERN Blog\server\node_modules\express\lib\router\index.js:521:19)
    at Object.<anonymous> (G:\Programming\projects\FullStack\MERN Blog\server\src\routes\auth.js:6:8)
    at Module._compile (node:internal/modules/cjs/loader:1376:14)
    at Module._extensions..js (node:internal/modules/cjs/loader:1435:10)
    at Module.load (node:internal/modules/cjs/loader:1207:32)
    at Module._load (node:internal/modules/cjs/loader:1023:12)
    at Module.require (node:internal/modules/cjs/loader:1235:19)
    at require (node:internal/modules/helpers:176:18)
    at Object.<anonymous> (G:\Programming\projects\FullStack\MERN Blog\server\src\routes\index.js:1:20)
2024-02-23 11:37:13 error: uncaughtException: Route.post() requires a callback function but got a [object Undefined]
Error: Route.post() requires a callback function but got a [object Undefined]
    at Route.<computed> [as post] (G:\Programming\projects\FullStack\MERN Blog\server\node_modules\express\lib\router\route.js:211:15)
    at proto.<computed> [as post] (G:\Programming\projects\FullStack\MERN Blog\server\node_modules\express\lib\router\index.js:521:19)
    at Object.<anonymous> (G:\Programming\projects\FullStack\MERN Blog\server\src\routes\auth.js:7:8)
    at Module._compile (node:internal/modules/cjs/loader:1376:14)
    at Module._extensions..js (node:internal/modules/cjs/loader:1435:10)
    at Module.load (node:internal/modules/cjs/loader:1207:32)
    at Module._load (node:internal/modules/cjs/loader:1023:12)
    at Module.require (node:internal/modules/cjs/loader:1235:19)
    at require (node:internal/modules/helpers:176:18)
    at Object.<anonymous> (G:\Programming\projects\FullStack\MERN Blog\server\src\routes\index.js:1:20)
2024-02-23 11:37:43 error: uncaughtException: Route.post() requires a callback function but got a [object Undefined]
Error: Route.post() requires a callback function but got a [object Undefined]
    at Route.<computed> [as post] (G:\Programming\projects\FullStack\MERN Blog\server\node_modules\express\lib\router\route.js:211:15)
    at proto.<computed> [as post] (G:\Programming\projects\FullStack\MERN Blog\server\node_modules\express\lib\router\index.js:521:19)
    at Object.<anonymous> (G:\Programming\projects\FullStack\MERN Blog\server\src\routes\auth.js:6:8)
    at Module._compile (node:internal/modules/cjs/loader:1376:14)
    at Module._extensions..js (node:internal/modules/cjs/loader:1435:10)
    at Module.load (node:internal/modules/cjs/loader:1207:32)
    at Module._load (node:internal/modules/cjs/loader:1023:12)
    at Module.require (node:internal/modules/cjs/loader:1235:19)
    at require (node:internal/modules/helpers:176:18)
    at Object.<anonymous> (G:\Programming\projects\FullStack\MERN Blog\server\src\routes\index.js:1:20)
2024-02-23 11:38:02 error: uncaughtException: Route.post() requires a callback function but got a [object Undefined]
Error: Route.post() requires a callback function but got a [object Undefined]
    at Route.<computed> [as post] (G:\Programming\projects\FullStack\MERN Blog\server\node_modules\express\lib\router\route.js:211:15)
    at proto.<computed> [as post] (G:\Programming\projects\FullStack\MERN Blog\server\node_modules\express\lib\router\index.js:521:19)
    at Object.<anonymous> (G:\Programming\projects\FullStack\MERN Blog\server\src\routes\auth.js:6:8)
    at Module._compile (node:internal/modules/cjs/loader:1376:14)
    at Module._extensions..js (node:internal/modules/cjs/loader:1435:10)
    at Module.load (node:internal/modules/cjs/loader:1207:32)
    at Module._load (node:internal/modules/cjs/loader:1023:12)
    at Module.require (node:internal/modules/cjs/loader:1235:19)
    at require (node:internal/modules/helpers:176:18)
    at Object.<anonymous> (G:\Programming\projects\FullStack\MERN Blog\server\src\routes\index.js:1:20)
2024-02-23 11:39:03 error: uncaughtException: Route.post() requires a callback function but got a [object Undefined]
Error: Route.post() requires a callback function but got a [object Undefined]
    at Route.<computed> [as post] (G:\Programming\projects\FullStack\MERN Blog\server\node_modules\express\lib\router\route.js:211:15)
    at proto.<computed> [as post] (G:\Programming\projects\FullStack\MERN Blog\server\node_modules\express\lib\router\index.js:521:19)
    at Object.<anonymous> (G:\Programming\projects\FullStack\MERN Blog\server\src\routes\auth.js:6:8)
    at Module._compile (node:internal/modules/cjs/loader:1376:14)
    at Module._extensions..js (node:internal/modules/cjs/loader:1435:10)
    at Module.load (node:internal/modules/cjs/loader:1207:32)
    at Module._load (node:internal/modules/cjs/loader:1023:12)
    at Module.require (node:internal/modules/cjs/loader:1235:19)
    at require (node:internal/modules/helpers:176:18)
    at Object.<anonymous> (G:\Programming\projects\FullStack\MERN Blog\server\src\routes\index.js:1:20)
2024-02-23 11:48:07 error: ReferenceError: badRequest is not defined,    at requestValidation (G:\Programming\projects\FullStack\MERN Blog\server\src\middlewarers\requestValidationMiddleware.js:8:5),    at Layer.handle [as handle_request] (G:\Programming\projects\FullStack\MERN Blog\server\node_modules\express\lib\router\layer.js:95:5),    at next (G:\Programming\projects\FullStack\MERN Blog\server\node_modules\express\lib\router\route.js:144:13),    at middleware (G:\Programming\projects\FullStack\MERN Blog\server\node_modules\express-validator\src\middlewares\check.js:16:13),    at process.processTicksAndRejections (node:internal/process/task_queues:95:5)
2024-02-23 11:49:20 error: Error: Bad Request,    at badRequest (G:\Programming\projects\FullStack\MERN Blog\server\src\utils\error.js:2:17),    at requestValidation (G:\Programming\projects\FullStack\MERN Blog\server\src\middlewarers\requestValidationMiddleware.js:9:17),    at Layer.handle [as handle_request] (G:\Programming\projects\FullStack\MERN Blog\server\node_modules\express\lib\router\layer.js:95:5),    at next (G:\Programming\projects\FullStack\MERN Blog\server\node_modules\express\lib\router\route.js:144:13),    at middleware (G:\Programming\projects\FullStack\MERN Blog\server\node_modules\express-validator\src\middlewares\check.js:16:13),    at process.processTicksAndRejections (node:internal/process/task_queues:95:5)
2024-02-23 11:53:26 error: uncaughtException: Route.post() requires a callback function but got a [object Undefined]
Error: Route.post() requires a callback function but got a [object Undefined]
    at Route.<computed> [as post] (G:\Programming\projects\FullStack\MERN Blog\server\node_modules\express\lib\router\route.js:211:15)
    at proto.<computed> [as post] (G:\Programming\projects\FullStack\MERN Blog\server\node_modules\express\lib\router\index.js:521:19)
    at Object.<anonymous> (G:\Programming\projects\FullStack\MERN Blog\server\src\routes\auth.js:17:8)
    at Module._compile (node:internal/modules/cjs/loader:1376:14)
    at Module._extensions..js (node:internal/modules/cjs/loader:1435:10)
    at Module.load (node:internal/modules/cjs/loader:1207:32)
    at Module._load (node:internal/modules/cjs/loader:1023:12)
    at Module.require (node:internal/modules/cjs/loader:1235:19)
    at require (node:internal/modules/helpers:176:18)
    at Object.<anonymous> (G:\Programming\projects\FullStack\MERN Blog\server\src\routes\index.js:1:20)
2024-02-23 11:59:13 error: uncaughtException: Cannot find module '../models/Auth'
Require stack:
- G:\Programming\projects\FullStack\MERN Blog\server\src\middlewarers\authMiddleware.js
- G:\Programming\projects\FullStack\MERN Blog\server\src\middlewarers\initializeMiddlewares.js
- G:\Programming\projects\FullStack\MERN Blog\server\src\app.js
- G:\Programming\projects\FullStack\MERN Blog\server\src\server.js
Error: Cannot find module '../models/Auth'
Require stack:
- G:\Programming\projects\FullStack\MERN Blog\server\src\middlewarers\authMiddleware.js
- G:\Programming\projects\FullStack\MERN Blog\server\src\middlewarers\initializeMiddlewares.js
- G:\Programming\projects\FullStack\MERN Blog\server\src\app.js
- G:\Programming\projects\FullStack\MERN Blog\server\src\server.js
    at Module._resolveFilename (node:internal/modules/cjs/loader:1144:15)
    at Module._load (node:internal/modules/cjs/loader:985:27)
    at Module.require (node:internal/modules/cjs/loader:1235:19)
    at require (node:internal/modules/helpers:176:18)
    at Object.<anonymous> (G:\Programming\projects\FullStack\MERN Blog\server\src\middlewarers\authMiddleware.js:1:14)
    at Module._compile (node:internal/modules/cjs/loader:1376:14)
    at Module._extensions..js (node:internal/modules/cjs/loader:1435:10)
    at Module.load (node:internal/modules/cjs/loader:1207:32)
    at Module._load (node:internal/modules/cjs/loader:1023:12)
    at Module.require (node:internal/modules/cjs/loader:1235:19)
2024-02-23 11:59:24 error: uncaughtException: Cannot find module '../models/Auth'
Require stack:
- G:\Programming\projects\FullStack\MERN Blog\server\src\middlewarers\authMiddleware.js
- G:\Programming\projects\FullStack\MERN Blog\server\src\middlewarers\initializeMiddlewares.js
- G:\Programming\projects\FullStack\MERN Blog\server\src\app.js
- G:\Programming\projects\FullStack\MERN Blog\server\src\server.js
Error: Cannot find module '../models/Auth'
Require stack:
- G:\Programming\projects\FullStack\MERN Blog\server\src\middlewarers\authMiddleware.js
- G:\Programming\projects\FullStack\MERN Blog\server\src\middlewarers\initializeMiddlewares.js
- G:\Programming\projects\FullStack\MERN Blog\server\src\app.js
- G:\Programming\projects\FullStack\MERN Blog\server\src\server.js
    at Module._resolveFilename (node:internal/modules/cjs/loader:1144:15)
    at Module._load (node:internal/modules/cjs/loader:985:27)
    at Module.require (node:internal/modules/cjs/loader:1235:19)
    at require (node:internal/modules/helpers:176:18)
    at Object.<anonymous> (G:\Programming\projects\FullStack\MERN Blog\server\src\middlewarers\authMiddleware.js:1:14)
    at Module._compile (node:internal/modules/cjs/loader:1376:14)
    at Module._extensions..js (node:internal/modules/cjs/loader:1435:10)
    at Module.load (node:internal/modules/cjs/loader:1207:32)
    at Module._load (node:internal/modules/cjs/loader:1023:12)
    at Module.require (node:internal/modules/cjs/loader:1235:19)
2024-02-23 11:59:55 error: uncaughtException: Cannot find module '../models/Auth'
Require stack:
- G:\Programming\projects\FullStack\MERN Blog\server\src\middlewarers\authMiddleware.js
- G:\Programming\projects\FullStack\MERN Blog\server\src\middlewarers\initializeMiddlewares.js
- G:\Programming\projects\FullStack\MERN Blog\server\src\app.js
- G:\Programming\projects\FullStack\MERN Blog\server\src\server.js
Error: Cannot find module '../models/Auth'
Require stack:
- G:\Programming\projects\FullStack\MERN Blog\server\src\middlewarers\authMiddleware.js
- G:\Programming\projects\FullStack\MERN Blog\server\src\middlewarers\initializeMiddlewares.js
- G:\Programming\projects\FullStack\MERN Blog\server\src\app.js
- G:\Programming\projects\FullStack\MERN Blog\server\src\server.js
    at Module._resolveFilename (node:internal/modules/cjs/loader:1144:15)
    at Module._load (node:internal/modules/cjs/loader:985:27)
    at Module.require (node:internal/modules/cjs/loader:1235:19)
    at require (node:internal/modules/helpers:176:18)
    at Object.<anonymous> (G:\Programming\projects\FullStack\MERN Blog\server\src\middlewarers\authMiddleware.js:1:14)
    at Module._compile (node:internal/modules/cjs/loader:1376:14)
    at Module._extensions..js (node:internal/modules/cjs/loader:1435:10)
    at Module.load (node:internal/modules/cjs/loader:1207:32)
    at Module._load (node:internal/modules/cjs/loader:1023:12)
    at Module.require (node:internal/modules/cjs/loader:1235:19)
